 
     Title (ver. 2.0 12/17/09): ,TXV Simulation, Cooling Mode                      
 
*** System Performance Summary ***
 
 Evaporator gross capacity       ,                               26222.686, (Btu/h)       
 Condenser gross capacity        ,                               30722.023, (Btu/h)       
 Gross sensible capacity         ,                               26222.686, (Btu/h)       
 Gross latent capacity           ,                                   0.000, (Btu/h)       
 Compressor power                ,                                1238.703, (W)           
 Condenser Fan power             ,                                  20.959, (W)           
 Total Power                     ,                                1265.228, (W)           
 Refrigerant mass flow rate      ,                                 340.672, (lbm/h)       
 COP (coefficient of performance),                                   6.062, (-)           
 EER (energy efficiency ratio)   ,                                  20.711, (Btu/W-hr)    
 SHR (sensible heat ratio)       ,                                   1.000, (-)           
 Condenser subcooling            ,                                   0.000, (R)           
 Expansion device subcooling     ,                                   0.000, (R)           
 Evaporator superheat            ,                                   7.151, (R)           
 Compressor superheat            ,                                   8.400, (R)           
 System charge                   ,                                  35.522, (lbm)         
 Refrigerant in compressor       ,                                   0.000, (lbm)         
 Refrigerant in condenser        ,                                  32.360, (lbm)         
 Refrigerant in evaporator       ,                                   1.246, (lbm)         
 Refrigerant in suction line     ,                                   0.116, (lbm)         
 Refrigerant in discharge line   ,                                   0.016, (lbm)         
 Refrigerant in liquid line      ,                                   1.392, (lbm)         
 Refrigerant in distributor tubes,                                   0.392, (lbm)         
 Refrigerant in accumulator      ,                                   0.000, (lbm)         
 Short tube diameter             ,                                   0.071, (in)          
 TXV capacity                    ,                                   0.012, (ton)         
 Capillary tube diameter         ,                                   0.095, (in)          
 Capillary tube length           ,                                  12.000, (in)          
 
***** Refrigerant Side Data *****
 
 Location               ,   Temperature (F),   Pressure (psig),   Enthalpy (Btu/lbm),   Saturation Temperature (F),   Quality (%),   Subcooling (R),   Superheat (R),   Location               
 Compressor suction     ,            52.409,            74.565,              176.694,                       44.009,         100.0,            0.000,           8.400,   Compressor suction     
 Compressor discharge   ,           141.046,           148.421,              189.697,                       82.016,         100.0,            0.000,          59.030,   Compressor discharge   
 Condenser inlet        ,           140.964,           148.023,              189.697,                       81.847,         100.0,            0.000,          59.117,   Condenser inlet        
 Condenser outlet       ,            78.959,           141.206,               99.632,                       78.959,           0.0,            0.000,           0.000,   Condenser outlet       
 Expansion device inlet ,            78.687,           140.574,               99.632,                       78.687,           0.2,            0.000,           0.000,   Expansion device inlet 
 Expansion device outlet,            49.398,            83.091,               99.632,                       49.398,          10.3,            0.000,           0.000,   Expansion device outlet
 Evaporator inlet       ,            45.779,            77.295,               99.632,                       45.779,          11.4,            0.000,           0.000,   Evaporator inlet       
 Evaporator outlet      ,            51.620,            75.273,              176.507,                       44.469,         100.0,            0.000,           7.151,   Evaporator outlet      
 
********* Air Side Data *********
 
 Location         ,   Dry bulb temperature (F),   Wet bulb temperature (F),   Relative Humidity (%),       Volumetric flow rate (CFM),   Pressure Drop (in-H2O),   Location         
 Condenser air inlet  ,                     71.300,                     64.483,                    69.6,                         3500.000,                    0.000, Condenser air inlet  
 Condenser air outlet ,                     79.444,                     67.132,                    53.1,                         3500.000,                    0.053, Condenser air outlet 
 Evaporator air inlet ,                     76.430,                     54.962,                    22.4,                          990.000,                    0.000, Evaporator air inlet 
 Evaporator air outlet,                     51.502,                     43.889,                    53.9,                          990.000,                    0.045, Evaporator air outlet
 
***** Optimization Outputs ******
 
Evaporator Air Enthalpy          ,                                  21.771,          kJ/kg
Evaporator Air Humidity Ratio    ,                                 0.00432,               
Compressor Input Ratio           ,                                 1.00000,               
 
********* Pressure Drop *********
 
 Accumulator                     ,                                   0.000, (psi)         
 Filter Drier                    ,                                   0.000, (psi)         
 
*********** Material ************
 
 Aluminum Evaporator             ,                                   7.434, (lbm)         
 Aluminum Condenser              ,                                  23.569, (lbm)         
 Copper Evaporator               ,                                   7.631, (lbm)         
 Copper Condenser                ,                                  17.444, (lbm)         
 Copper Suction Line             ,                                   0.912, (lbm)         
 Copper Discharge Line           ,                                   0.233, (lbm)         
 Copper Valve-Indoor Coil Line   ,                                   7.600, (lbm)         
 Copper Valve-Outdoor Coil Line  ,                                   0.456, (lbm)         
 Copper Liquid Line              ,                                   1.482, (lbm)         
 
*** Refrigerant Distributions ***
 
 Condenser liquid length         ,                                1087.040, (ft)          
 Condenser two-phase length      ,                                 548.647, (ft)          
 Condenser vapor length          ,                                  54.412, (ft)          
 Evaporator two-phase length     ,                                  16.000, (ft)          
 Evaporator vapor length         ,                                  14.508, (ft)          
 
*** Frost Parameters ***
 
 Evaporator Tube Area            ,                                   1.232, (-)           
 Evaporator Fin Area             ,                                  13.540, (-)           
 Evaporator Total Area           ,                                  14.772, (-)           
 Evaporator Bare Area            ,                                   1.345, (-)           
 Evaporator Min Area             ,                                   0.245, (-)           
 Condenser Tube Area             ,                                   2.752, (-)           
 Condenser Fin Area              ,                                  45.319, (-)           
 Evaporator Surface Temperature  ,                                  32.790, (-)           
 YorkHP.out successfully written
